WebSocket transport not available. Install eventlet or gevent and gevent-websocket for improved performance.
 * Running on http://127.0.0.1:5000/ (Press CTRL+C to quit)
127.0.0.1 - - [26/Jan/2018 22:43:17] "GET /socket.io/?EIO=3&transport=polling&t=1517024597313-16 HTTP/1.1" 200 -
127.0.0.1 - - [26/Jan/2018 22:43:17] "GET / HTTP/1.1" 200 -
127.0.0.1 - - [26/Jan/2018 22:43:17] "GET /static/css/style.css HTTP/1.1" 200 -
127.0.0.1 - - [26/Jan/2018 22:43:18] "GET /static/js/app.js HTTP/1.1" 200 -
127.0.0.1 - - [26/Jan/2018 22:43:18] "GET /static/js/router.js HTTP/1.1" 200 -
127.0.0.1 - - [26/Jan/2018 22:43:18] "GET /static/js/controller.js HTTP/1.1" 200 -
127.0.0.1 - - [26/Jan/2018 22:43:18] "GET /static/views/welcome.html HTTP/1.1" 200 -
127.0.0.1 - - [26/Jan/2018 22:43:18] "GET /static/js/welcome.js HTTP/1.1" 200 -
127.0.0.1 - - [26/Jan/2018 22:43:18] "GET /static/js/welcome.js?_=1517024598046 HTTP/1.1" 200 -
127.0.0.1 - - [26/Jan/2018 22:43:18] "GET /static/js/game.js HTTP/1.1" 200 -
127.0.0.1 - - [26/Jan/2018 22:43:21] "GET /socket.io/?EIO=3&transport=polling&t=1517024600926-0 HTTP/1.1" 200 -
127.0.0.1 - - [26/Jan/2018 22:43:21] "GET /socket.io/?EIO=3&transport=polling&t=1517024601016-12 HTTP/1.1" 200 -
127.0.0.1 - - [26/Jan/2018 22:43:21] "POST /socket.io/?EIO=3&transport=polling&t=1517024601239-1&sid=997d6a72b0e54689a0385052871f04ce HTTP/1.1" 200 -
127.0.0.1 - - [26/Jan/2018 22:43:21] "GET /socket.io/?EIO=3&transport=polling&t=1517024601240-2&sid=997d6a72b0e54689a0385052871f04ce HTTP/1.1" 200 -
127.0.0.1 - - [26/Jan/2018 22:43:21] "POST /socket.io/?EIO=3&transport=polling&t=1517024601486-3&sid=997d6a72b0e54689a0385052871f04ce HTTP/1.1" 200 -
127.0.0.1 - - [26/Jan/2018 22:43:21] "GET /socket.io/?EIO=3&transport=polling&t=1517024601551-4&sid=997d6a72b0e54689a0385052871f04ce HTTP/1.1" 200 -
127.0.0.1 - - [26/Jan/2018 22:43:26] "GET / HTTP/1.1" 200 -
127.0.0.1 - - [26/Jan/2018 22:43:26] "GET /static/css/style.css HTTP/1.1" 200 -
127.0.0.1 - - [26/Jan/2018 22:43:26] "GET /static/js/router.js HTTP/1.1" 200 -
127.0.0.1 - - [26/Jan/2018 22:43:26] "GET /static/js/app.js HTTP/1.1" 200 -
127.0.0.1 - - [26/Jan/2018 22:43:26] "GET /static/js/controller.js HTTP/1.1" 200 -
127.0.0.1 - - [26/Jan/2018 22:43:27] "GET /static/views/welcome.html HTTP/1.1" 200 -
127.0.0.1 - - [26/Jan/2018 22:43:27] "GET /static/js/welcome.js HTTP/1.1" 200 -
127.0.0.1 - - [26/Jan/2018 22:43:27] "GET /static/js/game.js HTTP/1.1" 200 -
127.0.0.1 - - [26/Jan/2018 22:43:27] "GET /static/js/welcome.js?_=1517024606325 HTTP/1.1" 200 -
127.0.0.1 - - [26/Jan/2018 22:43:31] "GET /socket.io/?EIO=3&transport=polling&t=1517024611377-0 HTTP/1.1" 200 -
127.0.0.1 - - [26/Jan/2018 22:43:31] "POST /socket.io/?EIO=3&transport=polling&t=1517024611690-1&sid=5daa0aba87404969972366899552e4b7 HTTP/1.1" 200 -
127.0.0.1 - - [26/Jan/2018 22:43:31] "GET /socket.io/?EIO=3&transport=polling&t=1517024611691-2&sid=5daa0aba87404969972366899552e4b7 HTTP/1.1" 200 -
127.0.0.1 - - [26/Jan/2018 22:43:32] "GET /socket.io/?EIO=3&transport=polling&t=1517024601796-5&sid=997d6a72b0e54689a0385052871f04ce HTTP/1.1" 200 -
127.0.0.1 - - [26/Jan/2018 22:43:32] "POST /socket.io/?EIO=3&transport=polling&t=1517024612000-3&sid=5daa0aba87404969972366899552e4b7 HTTP/1.1" 200 -
127.0.0.1 - - [26/Jan/2018 22:43:32] "GET /static/views/game.html HTTP/1.1" 200 -
127.0.0.1 - - [26/Jan/2018 22:43:32] "GET /socket.io/?EIO=3&transport=polling&t=1517024612021-4&sid=5daa0aba87404969972366899552e4b7 HTTP/1.1" 200 -
127.0.0.1 - - [26/Jan/2018 22:43:32] "GET /static/js/game.js?_=1517024606326 HTTP/1.1" 200 -
127.0.0.1 - - [26/Jan/2018 22:43:32] "GET /static/views/game.html HTTP/1.1" 200 -
127.0.0.1 - - [26/Jan/2018 22:43:32] "GET /static/js/game.js?_=1517024598047 HTTP/1.1" 200 -
127.0.0.1 - - [26/Jan/2018 22:43:32] "GET /socket.io/?EIO=3&transport=polling&t=1517024612045-6&sid=997d6a72b0e54689a0385052871f04ce HTTP/1.1" 200 -
127.0.0.1 - - [26/Jan/2018 22:43:36] "POST /socket.io/?EIO=3&transport=polling&t=1517024616357-8&sid=997d6a72b0e54689a0385052871f04ce HTTP/1.1" 200 -
127.0.0.1 - - [26/Jan/2018 22:43:38] "GET /socket.io/?EIO=3&transport=polling&t=1517024612405-5&sid=5daa0aba87404969972366899552e4b7 HTTP/1.1" 200 -
127.0.0.1 - - [26/Jan/2018 22:43:38] "GET /socket.io/?EIO=3&transport=polling&t=1517024612686-7&sid=997d6a72b0e54689a0385052871f04ce HTTP/1.1" 200 -
127.0.0.1 - - [26/Jan/2018 22:43:46] "POST /socket.io/?EIO=3&transport=polling&t=1517024626241-10&sid=997d6a72b0e54689a0385052871f04ce HTTP/1.1" 200 -
127.0.0.1 - - [26/Jan/2018 22:43:46] "GET /socket.io/?EIO=3&transport=polling&t=1517024618705-9&sid=997d6a72b0e54689a0385052871f04ce HTTP/1.1" 200 -
127.0.0.1 - - [26/Jan/2018 22:44:04] "POST /socket.io/?EIO=3&transport=polling&t=1517024644302-7&sid=5daa0aba87404969972366899552e4b7 HTTP/1.1" 200 -
127.0.0.1 - - [26/Jan/2018 22:44:04] "GET /socket.io/?EIO=3&transport=polling&t=1517024618703-6&sid=5daa0aba87404969972366899552e4b7 HTTP/1.1" 200 -
127.0.0.1 - - [26/Jan/2018 22:44:11] "POST /socket.io/?EIO=3&transport=polling&t=1517024651264-12&sid=997d6a72b0e54689a0385052871f04ce HTTP/1.1" 200 -
127.0.0.1 - - [26/Jan/2018 22:44:11] "GET /socket.io/?EIO=3&transport=polling&t=1517024626260-11&sid=997d6a72b0e54689a0385052871f04ce HTTP/1.1" 200 -
127.0.0.1 - - [26/Jan/2018 22:44:21] "GET /socket.io/?EIO=3&transport=polling&t=1517024601324-13&sid=64164bce6c934fb6983a924e1f1eab08 HTTP/1.1" 400 -
Traceback (most recent call last):
  File "/Library/Frameworks/Python.framework/Versions/2.7/lib/python2.7/SocketServer.py", line 596, in process_request_thread
    self.finish_request(request, client_address)
  File "/Library/Frameworks/Python.framework/Versions/2.7/lib/python2.7/SocketServer.py", line 331, in finish_request
    self.RequestHandlerClass(request, client_address, self)
  File "/Library/Frameworks/Python.framework/Versions/2.7/lib/python2.7/SocketServer.py", line 654, in __init__
    self.finish()
  File "/Library/Frameworks/Python.framework/Versions/2.7/lib/python2.7/SocketServer.py", line 713, in finish
    self.wfile.close()
  File "/Library/Frameworks/Python.framework/Versions/2.7/lib/python2.7/socket.py", line 283, in close
    self.flush()
  File "/Library/Frameworks/Python.framework/Versions/2.7/lib/python2.7/socket.py", line 307, in flush
    self._sock.sendall(view[write_offset:write_offset+buffer_size])
error: [Errno 32] Broken pipe
127.0.0.1 - - [26/Jan/2018 22:44:36] "POST /socket.io/?EIO=3&transport=polling&t=1517024676609-14&sid=997d6a72b0e54689a0385052871f04ce HTTP/1.1" 200 -
127.0.0.1 - - [26/Jan/2018 22:44:36] "GET /socket.io/?EIO=3&transport=polling&t=1517024651602-13&sid=997d6a72b0e54689a0385052871f04ce HTTP/1.1" 200 -
127.0.0.1 - - [26/Jan/2018 22:44:42] "POST /socket.io/?EIO=3&transport=polling&t=1517024681794-9&sid=5daa0aba87404969972366899552e4b7 HTTP/1.1" 200 -
127.0.0.1 - - [26/Jan/2018 22:44:42] "GET /socket.io/?EIO=3&transport=polling&t=1517024644642-8&sid=5daa0aba87404969972366899552e4b7 HTTP/1.1" 200 -
127.0.0.1 - - [26/Jan/2018 22:45:02] "POST /socket.io/?EIO=3&transport=polling&t=1517024701958-16&sid=997d6a72b0e54689a0385052871f04ce HTTP/1.1" 200 -
127.0.0.1 - - [26/Jan/2018 22:45:02] "GET /socket.io/?EIO=3&transport=polling&t=1517024676952-15&sid=997d6a72b0e54689a0385052871f04ce HTTP/1.1" 200 -
127.0.0.1 - - [26/Jan/2018 22:45:12] "POST /socket.io/?EIO=3&transport=polling&t=1517024712561-11&sid=5daa0aba87404969972366899552e4b7 HTTP/1.1" 200 -
127.0.0.1 - - [26/Jan/2018 22:45:12] "GET /socket.io/?EIO=3&transport=polling&t=1517024682134-10&sid=5daa0aba87404969972366899552e4b7 HTTP/1.1" 200 -
127.0.0.1 - - [26/Jan/2018 22:45:27] "POST /socket.io/?EIO=3&transport=polling&t=1517024727293-18&sid=997d6a72b0e54689a0385052871f04ce HTTP/1.1" 200 -
127.0.0.1 - - [26/Jan/2018 22:45:27] "GET /socket.io/?EIO=3&transport=polling&t=1517024702286-17&sid=997d6a72b0e54689a0385052871f04ce HTTP/1.1" 200 -
127.0.0.1 - - [26/Jan/2018 22:45:48] "POST /socket.io/?EIO=3&transport=polling&t=1517024747840-13&sid=5daa0aba87404969972366899552e4b7 HTTP/1.1" 200 -
127.0.0.1 - - [26/Jan/2018 22:45:48] "GET /socket.io/?EIO=3&transport=polling&t=1517024712869-12&sid=5daa0aba87404969972366899552e4b7 HTTP/1.1" 200 -
127.0.0.1 - - [26/Jan/2018 22:45:52] "POST /socket.io/?EIO=3&transport=polling&t=1517024752606-20&sid=997d6a72b0e54689a0385052871f04ce HTTP/1.1" 200 -
127.0.0.1 - - [26/Jan/2018 22:45:52] "GET /socket.io/?EIO=3&transport=polling&t=1517024727602-19&sid=997d6a72b0e54689a0385052871f04ce HTTP/1.1" 200 -
127.0.0.1 - - [26/Jan/2018 22:46:18] "POST /socket.io/?EIO=3&transport=polling&t=1517024777954-22&sid=997d6a72b0e54689a0385052871f04ce HTTP/1.1" 200 -
127.0.0.1 - - [26/Jan/2018 22:46:18] "GET /socket.io/?EIO=3&transport=polling&t=1517024752949-21&sid=997d6a72b0e54689a0385052871f04ce HTTP/1.1" 200 -
127.0.0.1 - - [26/Jan/2018 22:46:20] "POST /socket.io/?EIO=3&transport=polling&t=1517024780609-15&sid=5daa0aba87404969972366899552e4b7 HTTP/1.1" 200 -
127.0.0.1 - - [26/Jan/2018 22:46:20] "GET /socket.io/?EIO=3&transport=polling&t=1517024748156-14&sid=5daa0aba87404969972366899552e4b7 HTTP/1.1" 200 -
127.0.0.1 - - [26/Jan/2018 22:46:43] "POST /socket.io/?EIO=3&transport=polling&t=1517024803283-24&sid=997d6a72b0e54689a0385052871f04ce HTTP/1.1" 200 -
127.0.0.1 - - [26/Jan/2018 22:46:43] "GET /socket.io/?EIO=3&transport=polling&t=1517024778280-23&sid=997d6a72b0e54689a0385052871f04ce HTTP/1.1" 200 -
127.0.0.1 - - [26/Jan/2018 22:46:57] "POST /socket.io/?EIO=3&transport=polling&t=1517024817171-17&sid=5daa0aba87404969972366899552e4b7 HTTP/1.1" 200 -
127.0.0.1 - - [26/Jan/2018 22:46:57] "GET /socket.io/?EIO=3&transport=polling&t=1517024780955-16&sid=5daa0aba87404969972366899552e4b7 HTTP/1.1" 200 -
127.0.0.1 - - [26/Jan/2018 22:47:08] "POST /socket.io/?EIO=3&transport=polling&t=1517024828629-26&sid=997d6a72b0e54689a0385052871f04ce HTTP/1.1" 200 -
127.0.0.1 - - [26/Jan/2018 22:47:08] "GET /socket.io/?EIO=3&transport=polling&t=1517024803625-25&sid=997d6a72b0e54689a0385052871f04ce HTTP/1.1" 200 -
127.0.0.1 - - [26/Jan/2018 22:47:30] "POST /socket.io/?EIO=3&transport=polling&t=1517024850610-19&sid=5daa0aba87404969972366899552e4b7 HTTP/1.1" 200 -
127.0.0.1 - - [26/Jan/2018 22:47:30] "GET /socket.io/?EIO=3&transport=polling&t=1517024817526-18&sid=5daa0aba87404969972366899552e4b7 HTTP/1.1" 200 -
127.0.0.1 - - [26/Jan/2018 22:47:34] "POST /socket.io/?EIO=3&transport=polling&t=1517024854447-28&sid=997d6a72b0e54689a0385052871f04ce HTTP/1.1" 200 -
127.0.0.1 - - [26/Jan/2018 22:47:34] "GET /socket.io/?EIO=3&transport=polling&t=1517024828979-27&sid=997d6a72b0e54689a0385052871f04ce HTTP/1.1" 200 -
127.0.0.1 - - [26/Jan/2018 22:47:35] "POST /socket.io/?EIO=3&transport=polling&t=1517024855599-21&sid=5daa0aba87404969972366899552e4b7 HTTP/1.1" 200 -
127.0.0.1 - - [26/Jan/2018 22:47:37] "GET /socket.io/?EIO=3&transport=polling&t=1517024854802-29&sid=997d6a72b0e54689a0385052871f04ce HTTP/1.1" 200 -
127.0.0.1 - - [26/Jan/2018 22:47:37] "GET /socket.io/?EIO=3&transport=polling&t=1517024850965-20&sid=5daa0aba87404969972366899552e4b7 HTTP/1.1" 200 -
127.0.0.1 - - [26/Jan/2018 22:47:56] "POST /socket.io/?EIO=3&transport=polling&t=1517024875968-23&sid=5daa0aba87404969972366899552e4b7 HTTP/1.1" 200 -
127.0.0.1 - - [26/Jan/2018 22:47:56] "GET /socket.io/?EIO=3&transport=polling&t=1517024857953-22&sid=5daa0aba87404969972366899552e4b7 HTTP/1.1" 200 -
127.0.0.1 - - [26/Jan/2018 22:48:02] "POST /socket.io/?EIO=3&transport=polling&t=1517024882456-31&sid=997d6a72b0e54689a0385052871f04ce HTTP/1.1" 200 -
127.0.0.1 - - [26/Jan/2018 22:48:02] "GET /socket.io/?EIO=3&transport=polling&t=1517024857931-30&sid=997d6a72b0e54689a0385052871f04ce HTTP/1.1" 200 -
127.0.0.1 - - [26/Jan/2018 22:48:21] "POST /socket.io/?EIO=3&transport=polling&t=1517024901321-25&sid=5daa0aba87404969972366899552e4b7 HTTP/1.1" 200 -
127.0.0.1 - - [26/Jan/2018 22:48:21] "GET /socket.io/?EIO=3&transport=polling&t=1517024876314-24&sid=5daa0aba87404969972366899552e4b7 HTTP/1.1" 200 -
127.0.0.1 - - [26/Jan/2018 22:48:32] "POST /socket.io/?EIO=3&transport=polling&t=1517024912331-33&sid=997d6a72b0e54689a0385052871f04ce HTTP/1.1" 200 -
127.0.0.1 - - [26/Jan/2018 22:48:32] "GET /socket.io/?EIO=3&transport=polling&t=1517024882796-32&sid=997d6a72b0e54689a0385052871f04ce HTTP/1.1" 200 -
127.0.0.1 - - [26/Jan/2018 22:48:46] "POST /socket.io/?EIO=3&transport=polling&t=1517024926667-27&sid=5daa0aba87404969972366899552e4b7 HTTP/1.1" 200 -
127.0.0.1 - - [26/Jan/2018 22:48:47] "GET /socket.io/?EIO=3&transport=polling&t=1517024901664-26&sid=5daa0aba87404969972366899552e4b7 HTTP/1.1" 200 -
127.0.0.1 - - [26/Jan/2018 22:49:00] "POST /socket.io/?EIO=3&transport=polling&t=1517024940354-35&sid=997d6a72b0e54689a0385052871f04ce HTTP/1.1" 200 -
127.0.0.1 - - [26/Jan/2018 22:49:00] "GET /socket.io/?EIO=3&transport=polling&t=1517024912682-34&sid=997d6a72b0e54689a0385052871f04ce HTTP/1.1" 200 -
127.0.0.1 - - [26/Jan/2018 22:49:12] "POST /socket.io/?EIO=3&transport=polling&t=1517024952015-29&sid=5daa0aba87404969972366899552e4b7 HTTP/1.1" 200 -
127.0.0.1 - - [26/Jan/2018 22:49:12] "GET /socket.io/?EIO=3&transport=polling&t=1517024927012-28&sid=5daa0aba87404969972366899552e4b7 HTTP/1.1" 200 -
127.0.0.1 - - [26/Jan/2018 22:49:37] "POST /socket.io/?EIO=3&transport=polling&t=1517024977334-31&sid=5daa0aba87404969972366899552e4b7 HTTP/1.1" 200 -
127.0.0.1 - - [26/Jan/2018 22:49:37] "GET /socket.io/?EIO=3&transport=polling&t=1517024952328-30&sid=5daa0aba87404969972366899552e4b7 HTTP/1.1" 200 -
127.0.0.1 - - [26/Jan/2018 22:49:37] "POST /socket.io/?EIO=3&transport=polling&t=1517024977379-37&sid=997d6a72b0e54689a0385052871f04ce HTTP/1.1" 200 -
127.0.0.1 - - [26/Jan/2018 22:49:37] "GET /socket.io/?EIO=3&transport=polling&t=1517024940689-36&sid=997d6a72b0e54689a0385052871f04ce HTTP/1.1" 200 -
127.0.0.1 - - [26/Jan/2018 22:50:02] "POST /socket.io/?EIO=3&transport=polling&t=1517025002678-33&sid=5daa0aba87404969972366899552e4b7 HTTP/1.1" 200 -
127.0.0.1 - - [26/Jan/2018 22:50:03] "GET /socket.io/?EIO=3&transport=polling&t=1517024977671-32&sid=5daa0aba87404969972366899552e4b7 HTTP/1.1" 200 -
127.0.0.1 - - [26/Jan/2018 22:50:14] "POST /socket.io/?EIO=3&transport=polling&t=1517025014288-39&sid=997d6a72b0e54689a0385052871f04ce HTTP/1.1" 200 -
127.0.0.1 - - [26/Jan/2018 22:50:14] "GET /socket.io/?EIO=3&transport=polling&t=1517024977700-38&sid=997d6a72b0e54689a0385052871f04ce HTTP/1.1" 200 -
127.0.0.1 - - [26/Jan/2018 22:50:28] "POST /socket.io/?EIO=3&transport=polling&t=1517025028022-35&sid=5daa0aba87404969972366899552e4b7 HTTP/1.1" 200 -
127.0.0.1 - - [26/Jan/2018 22:50:28] "GET /socket.io/?EIO=3&transport=polling&t=1517025003019-34&sid=5daa0aba87404969972366899552e4b7 HTTP/1.1" 200 -
127.0.0.1 - - [26/Jan/2018 22:50:41] "POST /socket.io/?EIO=3&transport=polling&t=1517025040865-41&sid=997d6a72b0e54689a0385052871f04ce HTTP/1.1" 200 -
127.0.0.1 - - [26/Jan/2018 22:50:41] "GET /socket.io/?EIO=3&transport=polling&t=1517025014636-40&sid=997d6a72b0e54689a0385052871f04ce HTTP/1.1" 200 -
127.0.0.1 - - [26/Jan/2018 22:50:53] "POST /socket.io/?EIO=3&transport=polling&t=1517025053358-37&sid=5daa0aba87404969972366899552e4b7 HTTP/1.1" 200 -
127.0.0.1 - - [26/Jan/2018 22:50:53] "GET /socket.io/?EIO=3&transport=polling&t=1517025028353-36&sid=5daa0aba87404969972366899552e4b7 HTTP/1.1" 200 -
127.0.0.1 - - [26/Jan/2018 22:51:07] "POST /socket.io/?EIO=3&transport=polling&t=1517025067085-43&sid=997d6a72b0e54689a0385052871f04ce HTTP/1.1" 200 -
127.0.0.1 - - [26/Jan/2018 22:51:07] "GET /socket.io/?EIO=3&transport=polling&t=1517025041188-42&sid=997d6a72b0e54689a0385052871f04ce HTTP/1.1" 200 -
127.0.0.1 - - [26/Jan/2018 22:51:19] "POST /socket.io/?EIO=3&transport=polling&t=1517025078709-39&sid=5daa0aba87404969972366899552e4b7 HTTP/1.1" 200 -
127.0.0.1 - - [26/Jan/2018 22:51:19] "GET /socket.io/?EIO=3&transport=polling&t=1517025053706-38&sid=5daa0aba87404969972366899552e4b7 HTTP/1.1" 200 -
127.0.0.1 - - [26/Jan/2018 22:51:38] "POST /socket.io/?EIO=3&transport=polling&t=1517025098295-45&sid=997d6a72b0e54689a0385052871f04ce HTTP/1.1" 200 -
127.0.0.1 - - [26/Jan/2018 22:51:38] "GET /socket.io/?EIO=3&transport=polling&t=1517025067422-44&sid=997d6a72b0e54689a0385052871f04ce HTTP/1.1" 200 -
connect! sid= a227242dea244cfdb7dbcf7a2b96ddd7
connect! sid= 997d6a72b0e54689a0385052871f04ce
connect! sid= 64164bce6c934fb6983a924e1f1eab08
received json:  {"command":"invite","username":"A"}
Game waiting for player!
received json:  {"command":"invite","username":"A"}
Game waiting for player!
Game waiting for player!
Game waiting for player!
Game waiting for player!
Game waiting for player!
connect! sid= 5daa0aba87404969972366899552e4b7
joined! data= {"command":"join","room":"1517024601484","username":"B"} sid= 5daa0aba87404969972366899552e4b7
joined! data= {"command":"join","room":"1517024601484","username":"B"} sid= 5daa0aba87404969972366899552e4b7
Game waiting for player!
Game waiting for player!
Game starts!
received json:  {"command":"click","start":"box_20", "end":"box_27"}
Game starts!
Game calculates!
{u'start': u'box_20', u'end': u'box_27', u'command': u'click', 'side': '+'}
**return response {"command":"click","action":"update","actionDetail":[{"boxId":27,"side":1},{"boxId":20,"side":0}],"winner":"__None__","currentPlayer":"B"}
========time  0.000136852264404 ========
Game starts!
Game starts!
Game starts!
Game starts!
Game starts!
Game starts!
Game starts!
Game starts!
Game waiting for player!
Game starts!
Game starts!
Game starts!
Game starts!
Game starts!
Game starts!
Game starts!
Game starts!
Game starts!
Game starts!
Game waiting for player!
Game starts!
Game starts!
Game starts!
Game starts!
Game starts!
Game starts!
Game starts!
Game starts!
Game starts!
Game starts!
Game waiting for player!
Game starts!
Game starts!
Game starts!
Game starts!
Game starts!
Game starts!
Game starts!
Game starts!
Game starts!
Game starts!
Game waiting for player!
Game starts!
Game starts!
Game starts!
Game starts!
Game starts!
Game starts!
Game starts!
Game starts!
Game starts!
Game starts!
Game waiting for player!
Game starts!
Game starts!
Game starts!
Game starts!
Game starts!
Game starts!
Game starts!
Game starts!
Game starts!
Game starts!
Game waiting for player!
Game starts!
Game starts!
Game starts!
Game starts!
Game starts!
Game starts!
Game starts!
Game starts!
Game starts!
Game starts!
Game waiting for player!
Game starts!
Game starts!
Game starts!
Game starts!
Game starts!
Game starts!
Game starts!
Game starts!
Game starts!
Game starts!
Game waiting for player!
Game starts!
Game starts!
Game starts!
Game starts!
Game starts!
Game starts!
Game starts!
Game starts!
Game starts!
Game starts!
Game waiting for player!
----------------------------------------
Exception happened during processing of request from ('127.0.0.1', 57499)
----------------------------------------
Game starts!
Game starts!
Game starts!
Game starts!
Game starts!
Game starts!
Game starts!
Game starts!
Game starts!
Game starts!
Game waiting for player!
Game starts!
Game starts!
Game starts!
Game starts!
Game starts!
Game starts!
Game starts!
Game starts!
Game starts!
Game starts!
Game waiting for player!
Game starts!
Game starts!
Game starts!
Game starts!
Game starts!
Game starts!
Game starts!
Game starts!
Game starts!
Game starts!
Game waiting for player!
Game starts!
Game starts!
Game starts!
Game starts!
Game starts!
Game starts!
Game starts!
Game starts!
Game starts!
Game starts!
Game waiting for player!
Game starts!
Game starts!
Game starts!
Game starts!
Game starts!
Game starts!
Game starts!
Game starts!
Game starts!
Game waiting for player!
Game starts!
Game starts!
Game starts!
Game starts!
Game starts!
Game starts!
Game starts!
Game starts!
Game starts!
Game starts!
Game waiting for player!
Game starts!
Game starts!
Game starts!
Game starts!
Game starts!
Game starts!
Game starts!
Game starts!
Game starts!
Game starts!
Game waiting for player!
Game starts!
Game starts!
Game starts!
Game starts!
Game starts!
Game starts!
Game starts!
Game starts!
Game starts!
Game starts!
Game waiting for player!
Game starts!
Game starts!
Game starts!
Game starts!
Game starts!
Game starts!
Game starts!
Game starts!
Game starts!
Game starts!
Game waiting for player!
Game starts!
Game starts!
Game starts!
Game starts!
Game starts!
Game starts!
Game starts!
Game starts!
Game starts!
Game starts!
Game waiting for player!
Game starts!
Game starts!
Game starts!
Game starts!
Game starts!
Game starts!
Game starts!
Game starts!
Game starts!
Game starts!
Game waiting for player!
Game starts!
Game starts!
Game starts!
Game starts!
Game starts!
Game starts!
Game starts!
Game starts!
Game starts!
Game starts!
Game waiting for player!
Game starts!
Game starts!
Game starts!
Game starts!
Game starts!
Game starts!
Game starts!
Game starts!
Game starts!
Game starts!
Game waiting for player!
Game starts!
Game starts!
Game starts!
Game starts!
Game starts!
Game starts!
Game starts!
Game starts!
Game starts!
Game starts!
Game waiting for player!
Game starts!
Game starts!
Game starts!
Game starts!
Game starts!
Game starts!
Game starts!
Game starts!
Game starts!
Game starts!
Game waiting for player!
Game starts!
Game starts!
Game starts!
Game starts!
Game starts!
Game starts!
Game starts!
Game starts!
Game starts!
Game starts!
Game waiting for player!
Game starts!
Game starts!
Game starts!
Game starts!
Game starts!
Game starts!
Game starts!
Game starts!
Game starts!
Game starts!
Game waiting for player!
Game starts!
Game starts!
Game starts!
Game starts!
Game starts!
Game starts!
Game starts!
Game starts!
Game starts!
Game starts!
Game waiting for player!
Game starts!
Game starts!
Game starts!
Game starts!
Game starts!
Game starts!
Game starts!
Game starts!
Game starts!
Game starts!
Game waiting for player!
Game starts!
Game starts!
Game starts!
Game starts!
Game starts!
Game starts!
Game starts!
Game starts!
Game starts!
Game starts!
Game waiting for player!
Game starts!
Game starts!
Game starts!
Game starts!
Game starts!
Game starts!
Game starts!
Game starts!
Game starts!
Game starts!
Game waiting for player!
Game starts!
Game starts!
Game starts!
Game starts!
Game starts!
Game starts!
Game starts!
Game starts!
Game starts!
Game starts!
Game waiting for player!
Game starts!
Game starts!
Game starts!
Game starts!
Game starts!
Game starts!
Game starts!
Game starts!
Game starts!
Game waiting for player!
Game starts!
Game starts!
Game starts!
Game starts!
Game starts!
Game starts!
Game starts!
Game starts!
Game starts!
Game starts!
Game waiting for player!
Game starts!
Game starts!
Game starts!
Game starts!
Game starts!
Game starts!
Game starts!
Game starts!
Game starts!
Game starts!
Game waiting for player!
Game starts!
Game starts!
Game starts!
Game starts!
Game starts!
Game starts!
Game starts!
Game starts!
Game starts!
Game starts!
Game waiting for player!
Game starts!
Game starts!
Game starts!
Game starts!
Game starts!
Game starts!
Game starts!
Game starts!
Game starts!
Game starts!
Game waiting for player!
Game starts!
Game starts!
Game starts!
Game starts!
Game starts!
Game starts!
Game starts!
Game starts!
Game starts!
Game starts!
Game waiting for player!
Game starts!
Game starts!
Game starts!
Game starts!
Game starts!
Game starts!
Game starts!
Game starts!
Game starts!
Game starts!
Game waiting for player!
Game starts!
Game starts!
Game starts!
Game starts!
Game starts!
Game starts!
Game starts!
Game starts!
Game starts!
Game starts!
Game waiting for player!
Game starts!
Game starts!
Game starts!
Game starts!
Game starts!
Game starts!
Game starts!
Game starts!
Game starts!
Game starts!
Game waiting for player!
Game starts!
Game starts!
Game starts!
Game starts!
Game starts!
Game starts!
Game starts!
Game starts!
Game starts!
Game starts!
Game waiting for player!
Game starts!
Game starts!
Game starts!
Game starts!
Game starts!
Game starts!
Game starts!
Game starts!
Game starts!
Game starts!
Game waiting for player!
Game starts!
Game starts!
Game starts!
Game starts!
Game starts!
Game starts!
Game starts!
Game starts!
Game starts!
Game starts!
Game waiting for player!
Game starts!
Game starts!
Game starts!
Game starts!
Game starts!
Game starts!
Game starts!
Game starts!
Game starts!
Game starts!
Game waiting for player!
Game starts!
Game starts!
Game starts!
Game starts!
Game starts!
Game starts!
Game starts!
Game starts!
Game starts!
Game starts!
Game waiting for player!
Game starts!
Game starts!
Game starts!
Game starts!
Game starts!
Game starts!
Game starts!
Game starts!
Game starts!
Game starts!
Game waiting for player!
Game starts!
Game starts!
Game starts!
Game starts!
Game starts!
Game starts!
Game starts!
Game starts!
Game starts!
Game starts!
Game waiting for player!
Game starts!
Game starts!
Game starts!
Game starts!
Game starts!
Game starts!
Game starts!
Game starts!
received json:  {"command":"click","start":"box_45", "end":"box_38"}
Game starts!
Game calculates!
{u'start': u'box_45', u'end': u'box_38', u'command': u'click', 'side': '-'}
**return response {"command":"click","action":"update","actionDetail":[{"boxId":45,"side":0},{"boxId":38,"side":-1}],"winner":"__None__","currentPlayer":"A"}
========time  0.000157117843628 ========
Game starts!
Game waiting for player!
Game starts!
Game starts!
Game starts!
Game starts!
Game starts!
Game starts!
Game starts!
Game starts!
Game starts!
Game starts!
Game waiting for player!
Game starts!
Game starts!
Game starts!
Game starts!
Game starts!
Game starts!
Game starts!
Game starts!
Game starts!
Game starts!
Game waiting for player!
Game starts!
Game starts!
Game starts!
Game starts!
Game starts!
Game starts!
Game starts!
Game starts!
Game starts!
Game waiting for player!
Game starts!
Game starts!
Game starts!
Game starts!
Game starts!
Game starts!
Game starts!
Game starts!
Game starts!
Game starts!
Game waiting for player!
Game starts!
Game starts!
Game starts!
Game starts!
Game starts!
Game starts!
Game starts!
Game starts!
Game starts!
Game starts!
Game waiting for player!
Game starts!
Game starts!
Game starts!
Game starts!
Game starts!
Game starts!
Game starts!
Game starts!
Game starts!
Game starts!
Game waiting for player!
Game starts!
Game starts!
Game starts!
Game starts!
Game starts!
Game starts!
Game starts!
Game starts!
Game starts!
Game starts!
Game waiting for player!
Game starts!
Game starts!
Game starts!
Game starts!
Game starts!
Game starts!
Game starts!
Game starts!
Game starts!
Game starts!
Game waiting for player!
Game starts!
Game starts!
Game starts!
Game starts!
Game starts!
Game starts!
Game starts!
Game starts!
Game starts!
Game starts!
Game waiting for player!
Game starts!
Game starts!
Game starts!
Game starts!
Game starts!
Game starts!
Game starts!
Game starts!
Game starts!
Game starts!
Game waiting for player!
Game starts!
Game starts!
Game starts!
Game starts!
Game starts!
Game starts!
Game starts!
Game starts!
Game starts!
Game starts!
Game waiting for player!
Game starts!
Game starts!
Game starts!
Game starts!
Game starts!
Game starts!
Game starts!
Game starts!
Game starts!
Game starts!
Game waiting for player!
Game starts!
Game starts!
Game starts!
Game starts!
Game starts!
Game starts!
Game starts!
Game starts!
Game starts!
Game starts!
Game waiting for player!
Game starts!
Game starts!
Game starts!
Game starts!
Game starts!
Game starts!
Game starts!
Game starts!
Game starts!
Game starts!
Game waiting for player!
Game starts!
Game starts!
Game starts!
Game starts!
Game starts!
Game starts!
Game starts!
Game starts!
Game starts!
Game starts!
Game waiting for player!
Game starts!
Game starts!
Game starts!
Game starts!
Game starts!
Game starts!
Game starts!
Game starts!
Game starts!
Game starts!
Game waiting for player!
Game starts!
Game starts!
Game starts!
Game starts!
Game starts!
Game starts!
Game starts!
Game starts!
Game starts!
Game starts!
Game waiting for player!
Game starts!
Game starts!
Game starts!
Game starts!
Game starts!
Game starts!
Game starts!
Game starts!
Game starts!
Game starts!
Game waiting for player!
Game starts!
Game starts!
Game starts!
Game starts!
Game starts!
Game starts!
Game starts!
Game starts!
Game starts!
Game starts!
Game waiting for player!
Game starts!
Game starts!
Game starts!
Game starts!
Game starts!
Game starts!
Game starts!
Game starts!
Game starts!
Game starts!
Game waiting for player!
Game starts!
Game starts!
Game starts!
Game starts!
Game starts!
Game starts!
Game starts!
Game starts!
Game starts!
Game starts!
Game waiting for player!
Game starts!
Game starts!
Game starts!
Game starts!
Game starts!
Game starts!
Game starts!
Game starts!
Game starts!
Game starts!
Game waiting for player!
Game starts!
Game starts!
Game starts!
Game starts!
Game starts!
Game starts!
Game starts!
Game starts!
Game starts!
Game waiting for player!
Game starts!
Game starts!
Game starts!
Game starts!
Game starts!
Game starts!
Game starts!
Game starts!
Game starts!
Game starts!
Game waiting for player!
Game starts!
Game starts!
Game starts!
Game starts!
Game starts!
Game starts!
Game starts!
Game starts!
Game starts!
Game starts!
Game waiting for player!
Game starts!
Game starts!
Game starts!
Game starts!
Game starts!
Game starts!
Game starts!
Game starts!
Game starts!
Game starts!
Game waiting for player!
Game starts!
Game starts!
Game starts!
Game starts!
Game starts!
Game starts!
Game starts!
Game starts!
Game starts!
Game starts!
Game waiting for player!
Game starts!
Game starts!
Game starts!
Game starts!
Game starts!
Game starts!
Game starts!
Game starts!
Game starts!
Game starts!
Game waiting for player!
Game starts!
Game starts!
Game starts!
Game starts!
Game starts!
Game starts!
Game starts!
Game starts!
Game starts!
Game starts!
Game waiting for player!
Game starts!
Game starts!
Game starts!
Game starts!
Game starts!
Game starts!
Game starts!
Game starts!
Game starts!
Game starts!
Game waiting for player!
Game starts!
Game starts!
Game starts!
Game starts!
Game starts!
Game starts!
Game starts!
Game starts!
Game starts!
Game starts!
Game waiting for player!
Game starts!
Game starts!
Game starts!
Game starts!
Game starts!
Game starts!
Game starts!
Game starts!
Game starts!
Game starts!
Game waiting for player!
Game starts!
Game starts!
Game starts!
Game starts!
Game starts!
Game starts!
Game starts!
Game starts!
Game starts!
Game starts!
Game waiting for player!
Game starts!
Game starts!
Game starts!
Game starts!
Game starts!
Game starts!
Game starts!
Game starts!
Game starts!
Game starts!
Game waiting for player!
Game starts!
Game starts!
Game starts!
Game starts!
Game starts!
Game starts!
Game starts!
Game starts!
Game starts!
Game starts!
Game waiting for player!
Game starts!
Game starts!
Game starts!
Game starts!
Game starts!
Game starts!
Game starts!
Game starts!
Game starts!
Game starts!
Game waiting for player!
Game starts!
Game starts!
Game starts!
Game starts!
Game starts!
Game starts!
Game starts!
Game starts!
Game starts!
Game starts!
Game waiting for player!
Game starts!
Game starts!
Game starts!
Game starts!
Game starts!
Game starts!
Game starts!
Game starts!
Game starts!
Game starts!
Game waiting for player!
Game starts!
Game starts!
Game starts!
Game starts!
Game starts!
Game starts!
Game starts!
Game starts!
Game starts!
Game waiting for player!
Game starts!
Game starts!
Game starts!
Game starts!
Game starts!
Game starts!
Game starts!
Game starts!
Game starts!
Game starts!
Game waiting for player!
Game starts!
Game starts!
Game starts!
Game starts!
Game starts!
Game starts!
Game starts!
Game starts!
Game starts!
Game starts!
Game waiting for player!
Game starts!
Game starts!
Game starts!
Game starts!
Game starts!
Game starts!
Game starts!
Game starts!
Game starts!
Game starts!
Game waiting for player!
Game starts!
Game starts!
Game starts!
Game starts!
Game starts!
Game starts!
Game starts!
Game starts!
Game starts!
Game starts!
Game waiting for player!
Game starts!
Game starts!
Game starts!
Game starts!
Game starts!
Game starts!
Game starts!
Game starts!
Game starts!
Game starts!
Game waiting for player!
Game starts!
Game starts!
Game starts!
Game starts!
Game starts!
Game starts!
Game starts!
Game starts!
Game starts!
Game starts!
Game waiting for player!
Game starts!
Game starts!
Game starts!
Game starts!
Game starts!
Game starts!
Game starts!
Game starts!
Game starts!
Game starts!
Game waiting for player!
Game starts!
Game starts!
Game starts!
Game starts!
Game starts!
Game starts!
Game starts!
Game starts!
Game starts!
Game starts!
Game waiting for player!
Game starts!
Game starts!
Game starts!
Game starts!
Game starts!
Game starts!
Game starts!
Game starts!
Game starts!
Game starts!
Game waiting for player!
Game starts!
Game starts!
Game starts!
Game starts!
Game starts!
Game starts!
Exception in thread Thread-119 (most likely raised during interpreter shutdown):